<?xml version="1.0" encoding="UTF-8"?>
<testsuite name="chap7.UserTest" tests="1" skipped="0" failures="0" errors="0" timestamp="2022-12-10T08:24:57" hostname="TRui-MacBookPro.local" time="0.02">
  <properties/>
  <testcase name="changing_email_from_corporate_to_non_corporate()" classname="chap7.UserTest" time="0.02"/>
  <system-out><![CDATA[]]></system-out>
  <system-err><![CDATA[]]></system-err>
</testsuite>
