<?xml version="1.0" encoding="UTF-8"?>
<testsuite name="chap8.UserIntegrationTest" tests="1" skipped="0" failures="0" errors="0" timestamp="2022-12-11T10:16:36" hostname="TRui-MacBookPro.local" time="0.618">
  <properties/>
  <testcase name="changing_email_from_corporate_to_non_corporate()" classname="chap8.UserIntegrationTest" time="0.618"/>
  <system-out><![CDATA[save User(userId=0, email=user@naver.com, type=Employee, isEmailConfirmed=false)
save Company(domainName=TR, numberOfEmployees=1)
save Company(domainName=TR, numberOfEmployees=1)
save User(userId=0, email=new@TR.com, type=Customer, isEmailConfirmed=false)
]]></system-out>
  <system-err><![CDATA[]]></system-err>
</testsuite>
