<?xml version="1.0" encoding="UTF-8"?>
<testsuite name="chap4.false_positive.MessageRendererTests" tests="1" skipped="0" failures="0" errors="0" timestamp="2022-10-12T03:42:11" hostname="Junhyungui-MacBookPro.local" time="0.047">
  <properties/>
  <testcase name="클라이언트와 결합도를 낮춘 버전에서의 올바른 타입과 순서를 가지고 있는지에 대한 검증" classname="chap4.false_positive.MessageRendererTests" time="0.047"/>
  <system-out><![CDATA[chap4.false_positive.HeaderRenderer@58326051
chap4.false_positive.BodyRenderer@32c4e8b2
chap4.false_positive.FooterRenderer@64bce832
]]></system-out>
  <system-err><![CDATA[]]></system-err>
</testsuite>
